2005.05.11 17:54 B c:\inetpub\wwwroot\mysticlight\media\divinatie\tarot\decks\waite\Bekers10.jpg <-- Mysticlight /mysticlight.nl/www/media/divinatie/tarot/decks/waite Bekers10.jpg
2005.05.11 17:54 B c:\inetpub\wwwroot\mysticlight\media\divinatie\tarot\decks\waite\Bekers2.JPG <-- Mysticlight /mysticlight.nl/www/media/divinatie/tarot/decks/waite Bekers2.JPG
2005.05.11 17:54 B c:\inetpub\wwwroot\mysticlight\media\divinatie\tarot\decks\waite\Bekers3.jpg <-- Mysticlight /mysticlight.nl/www/media/divinatie/tarot/decks/waite Bekers3.jpg
2005.05.11 17:54 B c:\inetpub\wwwroot\mysticlight\media\divinatie\tarot\decks\waite\Bekers4.jpg <-- Mysticlight /mysticlight.nl/www/media/divinatie/tarot/decks/waite Bekers4.jpg
2005.05.11 17:54 B c:\inetpub\wwwroot\mysticlight\media\divinatie\tarot\decks\waite\Bekers5.jpg <-- Mysticlight /mysticlight.nl/www/media/divinatie/tarot/decks/waite Bekers5.jpg
2005.05.11 17:54 B c:\inetpub\wwwroot\mysticlight\media\divinatie\tarot\decks\waite\Bekers6.jpg <-- Mysticlight /mysticlight.nl/www/media/divinatie/tarot/decks/waite Bekers6.jpg
2005.05.11 17:54 B c:\inetpub\wwwroot\mysticlight\media\divinatie\tarot\decks\waite\Bekers7.jpg <-- Mysticlight /mysticlight.nl/www/media/divinatie/tarot/decks/waite Bekers7.jpg
2005.05.11 17:54 B c:\inetpub\wwwroot\mysticlight\media\divinatie\tarot\decks\waite\Bekers8.jpg <-- Mysticlight /mysticlight.nl/www/media/divinatie/tarot/decks/waite Bekers8.jpg
2005.05.11 17:54 B c:\inetpub\wwwroot\mysticlight\media\divinatie\tarot\decks\waite\Bekers9.jpg <-- Mysticlight /mysticlight.nl/www/media/divinatie/tarot/decks/waite Bekers9.jpg
2005.05.11 17:54 B c:\inetpub\wwwroot\mysticlight\media\divinatie\tarot\decks\waite\BekersAas.jpg <-- Mysticlight /mysticlight.nl/www/media/divinatie/tarot/decks/waite BekersAas.jpg
2005.05.11 17:54 B c:\inetpub\wwwroot\mysticlight\media\divinatie\tarot\decks\waite\BekersKoning.jpg <-- Mysticlight /mysticlight.nl/www/media/divinatie/tarot/decks/waite BekersKoning.jpg
2005.05.11 17:54 B c:\inetpub\wwwroot\mysticlight\media\divinatie\tarot\decks\waite\BekersKoningin.jpg <-- Mysticlight /mysticlight.nl/www/media/divinatie/tarot/decks/waite BekersKoningin.jpg
2005.05.11 17:54 B c:\inetpub\wwwroot\mysticlight\media\divinatie\tarot\decks\waite\BekersRidder.jpg <-- Mysticlight /mysticlight.nl/www/media/divinatie/tarot/decks/waite BekersRidder.jpg
2005.05.11 17:54 B c:\inetpub\wwwroot\mysticlight\media\divinatie\tarot\decks\waite\BekersSchildknaap.jpg <-- Mysticlight /mysticlight.nl/www/media/divinatie/tarot/decks/waite BekersSchildknaap.jpg
2005.05.11 17:54 B c:\inetpub\wwwroot\mysticlight\media\divinatie\tarot\decks\waite\DeDood.jpg <-- Mysticlight /mysticlight.nl/www/media/divinatie/tarot/decks/waite DeDood.jpg
2005.05.11 17:54 B c:\inetpub\wwwroot\mysticlight\media\divinatie\tarot\decks\waite\DeDuivel.jpg <-- Mysticlight /mysticlight.nl/www/media/divinatie/tarot/decks/waite DeDuivel.jpg
2005.05.11 17:54 B c:\inetpub\wwwroot\mysticlight\media\divinatie\tarot\decks\waite\DeDwaas.jpg <-- Mysticlight /mysticlight.nl/www/media/divinatie/tarot/decks/waite DeDwaas.jpg
2005.05.11 17:54 B c:\inetpub\wwwroot\mysticlight\media\divinatie\tarot\decks\waite\DeGehangene.jpg <-- Mysticlight /mysticlight.nl/www/media/divinatie/tarot/decks/waite DeGehangene.jpg
2005.05.11 17:54 B c:\inetpub\wwwroot\mysticlight\media\divinatie\tarot\decks\waite\DeGeliefden.jpg <-- Mysticlight /mysticlight.nl/www/media/divinatie/tarot/decks/waite DeGeliefden.jpg
2005.05.11 17:54 B c:\inetpub\wwwroot\mysticlight\media\divinatie\tarot\decks\waite\DeHogepriester.jpg <-- Mysticlight /mysticlight.nl/www/media/divinatie/tarot/decks/waite DeHogepriester.jpg
2005.05.11 17:54 B c:\inetpub\wwwroot\mysticlight\media\divinatie\tarot\decks\waite\DeHogepriesteres.jpg <-- Mysticlight /mysticlight.nl/www/media/divinatie/tarot/decks/waite DeHogepriesteres.jpg
2005.05.11 17:54 B c:\inetpub\wwwroot\mysticlight\media\divinatie\tarot\decks\waite\DeKeizer.jpg <-- Mysticlight /mysticlight.nl/www/media/divinatie/tarot/decks/waite DeKeizer.jpg
2005.05.11 17:54 B c:\inetpub\wwwroot\mysticlight\media\divinatie\tarot\decks\waite\DeKeizerin.jpg <-- Mysticlight /mysticlight.nl/www/media/divinatie/tarot/decks/waite DeKeizerin.jpg
2005.05.11 17:54 B c:\inetpub\wwwroot\mysticlight\media\divinatie\tarot\decks\waite\DeKluizenaar.jpg <-- Mysticlight /mysticlight.nl/www/media/divinatie/tarot/decks/waite DeKluizenaar.jpg
2005.05.11 17:54 B c:\inetpub\wwwroot\mysticlight\media\divinatie\tarot\decks\waite\DeMaan.jpg <-- Mysticlight /mysticlight.nl/www/media/divinatie/tarot/decks/waite DeMaan.jpg
2005.05.11 17:54 B c:\inetpub\wwwroot\mysticlight\media\divinatie\tarot\decks\waite\DeMagier.jpg <-- Mysticlight /mysticlight.nl/www/media/divinatie/tarot/decks/waite DeMagier.jpg
2005.05.11 17:54 B c:\inetpub\wwwroot\mysticlight\media\divinatie\tarot\decks\waite\DeSter.jpg <-- Mysticlight /mysticlight.nl/www/media/divinatie/tarot/decks/waite DeSter.jpg
2005.05.11 17:54 B c:\inetpub\wwwroot\mysticlight\media\divinatie\tarot\decks\waite\DeToren.jpg <-- Mysticlight /mysticlight.nl/www/media/divinatie/tarot/decks/waite DeToren.jpg
2005.05.11 17:54 B c:\inetpub\wwwroot\mysticlight\media\divinatie\tarot\decks\waite\DeWereld.jpg <-- Mysticlight /mysticlight.nl/www/media/divinatie/tarot/decks/waite DeWereld.jpg
2005.05.11 17:54 B c:\inetpub\wwwroot\mysticlight\media\divinatie\tarot\decks\waite\DeZegewagen.jpg <-- Mysticlight /mysticlight.nl/www/media/divinatie/tarot/decks/waite DeZegewagen.jpg
2005.05.11 17:54 B c:\inetpub\wwwroot\mysticlight\media\divinatie\tarot\decks\waite\DeZon.jpg <-- Mysticlight /mysticlight.nl/www/media/divinatie/tarot/decks/waite DeZon.jpg
2005.05.11 17:54 B c:\inetpub\wwwroot\mysticlight\media\divinatie\tarot\decks\waite\Gematigdheid.jpg <-- Mysticlight /mysticlight.nl/www/media/divinatie/tarot/decks/waite Gematigdheid.jpg
2005.05.11 17:54 B c:\inetpub\wwwroot\mysticlight\media\divinatie\tarot\decks\waite\Gerechtigheid.jpg <-- Mysticlight /mysticlight.nl/www/media/divinatie/tarot/decks/waite Gerechtigheid.jpg
2005.05.11 17:54 B c:\inetpub\wwwroot\mysticlight\media\divinatie\tarot\decks\waite\HetOordeel.jpg <-- Mysticlight /mysticlight.nl/www/media/divinatie/tarot/decks/waite HetOordeel.jpg
2005.05.11 17:54 B c:\inetpub\wwwroot\mysticlight\media\divinatie\tarot\decks\waite\Kracht.jpg <-- Mysticlight /mysticlight.nl/www/media/divinatie/tarot/decks/waite Kracht.jpg
2005.05.11 17:54 B c:\inetpub\wwwroot\mysticlight\media\divinatie\tarot\decks\waite\pentakels10.jpg <-- Mysticlight /mysticlight.nl/www/media/divinatie/tarot/decks/waite pentakels10.jpg
2005.05.11 17:54 B c:\inetpub\wwwroot\mysticlight\media\divinatie\tarot\decks\waite\pentakels2.jpg <-- Mysticlight /mysticlight.nl/www/media/divinatie/tarot/decks/waite pentakels2.jpg
2005.05.11 17:54 B c:\inetpub\wwwroot\mysticlight\media\divinatie\tarot\decks\waite\pentakels3.jpg <-- Mysticlight /mysticlight.nl/www/media/divinatie/tarot/decks/waite pentakels3.jpg
2005.05.11 17:54 B c:\inetpub\wwwroot\mysticlight\media\divinatie\tarot\decks\waite\pentakels4.jpg <-- Mysticlight /mysticlight.nl/www/media/divinatie/tarot/decks/waite pentakels4.jpg
2005.05.11 17:54 B c:\inetpub\wwwroot\mysticlight\media\divinatie\tarot\decks\waite\pentakels5.jpg <-- Mysticlight /mysticlight.nl/www/media/divinatie/tarot/decks/waite pentakels5.jpg
2005.05.11 17:54 B c:\inetpub\wwwroot\mysticlight\media\divinatie\tarot\decks\waite\pentakels6.jpg <-- Mysticlight /mysticlight.nl/www/media/divinatie/tarot/decks/waite pentakels6.jpg
2005.05.11 17:54 B c:\inetpub\wwwroot\mysticlight\media\divinatie\tarot\decks\waite\pentakels7.jpg <-- Mysticlight /mysticlight.nl/www/media/divinatie/tarot/decks/waite pentakels7.jpg
2005.05.11 17:54 B c:\inetpub\wwwroot\mysticlight\media\divinatie\tarot\decks\waite\pentakels8.jpg <-- Mysticlight /mysticlight.nl/www/media/divinatie/tarot/decks/waite pentakels8.jpg
2005.05.11 17:54 B c:\inetpub\wwwroot\mysticlight\media\divinatie\tarot\decks\waite\pentakels9.jpg <-- Mysticlight /mysticlight.nl/www/media/divinatie/tarot/decks/waite pentakels9.jpg
2005.05.11 17:54 B c:\inetpub\wwwroot\mysticlight\media\divinatie\tarot\decks\waite\pentakelsAas.jpg <-- Mysticlight /mysticlight.nl/www/media/divinatie/tarot/decks/waite pentakelsAas.jpg
2005.05.11 17:54 B c:\inetpub\wwwroot\mysticlight\media\divinatie\tarot\decks\waite\pentakelsKoning.jpg <-- Mysticlight /mysticlight.nl/www/media/divinatie/tarot/decks/waite pentakelsKoning.jpg
2005.05.11 17:54 B c:\inetpub\wwwroot\mysticlight\media\divinatie\tarot\decks\waite\pentakelsKoningin.jpg <-- Mysticlight /mysticlight.nl/www/media/divinatie/tarot/decks/waite pentakelsKoningin.jpg
2005.05.11 17:55 B c:\inetpub\wwwroot\mysticlight\media\divinatie\tarot\decks\waite\pentakelsRidder.jpg <-- Mysticlight /mysticlight.nl/www/media/divinatie/tarot/decks/waite pentakelsRidder.jpg
2005.05.11 17:55 B c:\inetpub\wwwroot\mysticlight\media\divinatie\tarot\decks\waite\pentakelsSchildknaap.jpg <-- Mysticlight /mysticlight.nl/www/media/divinatie/tarot/decks/waite pentakelsSchildknaap.jpg
2005.05.11 17:55 B c:\inetpub\wwwroot\mysticlight\media\divinatie\tarot\decks\waite\RadVanFortuin.jpg <-- Mysticlight /mysticlight.nl/www/media/divinatie/tarot/decks/waite RadVanFortuin.jpg
2005.05.11 17:55 B c:\inetpub\wwwroot\mysticlight\media\divinatie\tarot\decks\waite\Staven10.jpg <-- Mysticlight /mysticlight.nl/www/media/divinatie/tarot/decks/waite Staven10.jpg
2005.05.11 17:55 B c:\inetpub\wwwroot\mysticlight\media\divinatie\tarot\decks\waite\Staven2.jpg <-- Mysticlight /mysticlight.nl/www/media/divinatie/tarot/decks/waite Staven2.jpg
2005.05.11 17:55 B c:\inetpub\wwwroot\mysticlight\media\divinatie\tarot\decks\waite\Staven3.jpg <-- Mysticlight /mysticlight.nl/www/media/divinatie/tarot/decks/waite Staven3.jpg
2005.05.11 17:55 B c:\inetpub\wwwroot\mysticlight\media\divinatie\tarot\decks\waite\Staven4.jpg <-- Mysticlight /mysticlight.nl/www/media/divinatie/tarot/decks/waite Staven4.jpg
2005.05.11 17:55 B c:\inetpub\wwwroot\mysticlight\media\divinatie\tarot\decks\waite\Staven5.jpg <-- Mysticlight /mysticlight.nl/www/media/divinatie/tarot/decks/waite Staven5.jpg
2005.05.11 17:55 B c:\inetpub\wwwroot\mysticlight\media\divinatie\tarot\decks\waite\Staven6.jpg <-- Mysticlight /mysticlight.nl/www/media/divinatie/tarot/decks/waite Staven6.jpg
2005.05.11 17:55 B c:\inetpub\wwwroot\mysticlight\media\divinatie\tarot\decks\waite\Staven7.jpg <-- Mysticlight /mysticlight.nl/www/media/divinatie/tarot/decks/waite Staven7.jpg
2005.05.11 17:55 B c:\inetpub\wwwroot\mysticlight\media\divinatie\tarot\decks\waite\Staven8.jpg <-- Mysticlight /mysticlight.nl/www/media/divinatie/tarot/decks/waite Staven8.jpg
2005.05.11 17:55 B c:\inetpub\wwwroot\mysticlight\media\divinatie\tarot\decks\waite\Staven9.jpg <-- Mysticlight /mysticlight.nl/www/media/divinatie/tarot/decks/waite Staven9.jpg
2005.05.11 17:55 B c:\inetpub\wwwroot\mysticlight\media\divinatie\tarot\decks\waite\StavenAas.jpg <-- Mysticlight /mysticlight.nl/www/media/divinatie/tarot/decks/waite StavenAas.jpg
2005.05.11 17:55 B c:\inetpub\wwwroot\mysticlight\media\divinatie\tarot\decks\waite\StavenKoning.jpg <-- Mysticlight /mysticlight.nl/www/media/divinatie/tarot/decks/waite StavenKoning.jpg
2005.05.11 17:55 B c:\inetpub\wwwroot\mysticlight\media\divinatie\tarot\decks\waite\StavenKoningin.jpg <-- Mysticlight /mysticlight.nl/www/media/divinatie/tarot/decks/waite StavenKoningin.jpg
2005.05.11 17:55 B c:\inetpub\wwwroot\mysticlight\media\divinatie\tarot\decks\waite\StavenRidder.jpg <-- Mysticlight /mysticlight.nl/www/media/divinatie/tarot/decks/waite StavenRidder.jpg
2005.05.11 17:55 B c:\inetpub\wwwroot\mysticlight\media\divinatie\tarot\decks\waite\StavenSchildknaap.jpg <-- Mysticlight /mysticlight.nl/www/media/divinatie/tarot/decks/waite StavenSchildknaap.jpg
2005.05.11 17:55 B c:\inetpub\wwwroot\mysticlight\media\divinatie\tarot\decks\waite\waite_back.jpg <-- Mysticlight /mysticlight.nl/www/media/divinatie/tarot/decks/waite waite_back.jpg
2005.05.11 17:55 B c:\inetpub\wwwroot\mysticlight\media\divinatie\tarot\decks\waite\Zwaarden10.jpg <-- Mysticlight /mysticlight.nl/www/media/divinatie/tarot/decks/waite Zwaarden10.jpg
2005.05.11 17:55 B c:\inetpub\wwwroot\mysticlight\media\divinatie\tarot\decks\waite\Zwaarden2.jpg <-- Mysticlight /mysticlight.nl/www/media/divinatie/tarot/decks/waite Zwaarden2.jpg
2005.05.11 17:55 B c:\inetpub\wwwroot\mysticlight\media\divinatie\tarot\decks\waite\Zwaarden3.jpg <-- Mysticlight /mysticlight.nl/www/media/divinatie/tarot/decks/waite Zwaarden3.jpg
2005.05.11 17:55 B c:\inetpub\wwwroot\mysticlight\media\divinatie\tarot\decks\waite\Zwaarden4.jpg <-- Mysticlight /mysticlight.nl/www/media/divinatie/tarot/decks/waite Zwaarden4.jpg
2005.05.11 17:55 B c:\inetpub\wwwroot\mysticlight\media\divinatie\tarot\decks\waite\Zwaarden5.jpg <-- Mysticlight /mysticlight.nl/www/media/divinatie/tarot/decks/waite Zwaarden5.jpg
2005.05.11 17:55 B c:\inetpub\wwwroot\mysticlight\media\divinatie\tarot\decks\waite\Zwaarden6.jpg <-- Mysticlight /mysticlight.nl/www/media/divinatie/tarot/decks/waite Zwaarden6.jpg
2005.05.11 17:55 B c:\inetpub\wwwroot\mysticlight\media\divinatie\tarot\decks\waite\Zwaarden7.jpg <-- Mysticlight /mysticlight.nl/www/media/divinatie/tarot/decks/waite Zwaarden7.jpg
2005.05.11 17:55 B c:\inetpub\wwwroot\mysticlight\media\divinatie\tarot\decks\waite\Zwaarden8.jpg <-- Mysticlight /mysticlight.nl/www/media/divinatie/tarot/decks/waite Zwaarden8.jpg
2005.05.11 17:55 B c:\inetpub\wwwroot\mysticlight\media\divinatie\tarot\decks\waite\Zwaarden9.jpg <-- Mysticlight /mysticlight.nl/www/media/divinatie/tarot/decks/waite Zwaarden9.jpg
2005.05.11 17:55 B c:\inetpub\wwwroot\mysticlight\media\divinatie\tarot\decks\waite\ZwaardenAas.jpg <-- Mysticlight /mysticlight.nl/www/media/divinatie/tarot/decks/waite ZwaardenAas.jpg
2005.05.11 17:55 B c:\inetpub\wwwroot\mysticlight\media\divinatie\tarot\decks\waite\ZwaardenKoning.jpg <-- Mysticlight /mysticlight.nl/www/media/divinatie/tarot/decks/waite ZwaardenKoning.jpg
2005.05.11 17:55 B c:\inetpub\wwwroot\mysticlight\media\divinatie\tarot\decks\waite\ZwaardenKoningin.jpg <-- Mysticlight /mysticlight.nl/www/media/divinatie/tarot/decks/waite ZwaardenKoningin.jpg
2005.05.11 17:55 B c:\inetpub\wwwroot\mysticlight\media\divinatie\tarot\decks\waite\ZwaardenRidder.jpg <-- Mysticlight /mysticlight.nl/www/media/divinatie/tarot/decks/waite ZwaardenRidder.jpg
2005.05.11 17:55 B c:\inetpub\wwwroot\mysticlight\media\divinatie\tarot\decks\waite\ZwaardenSchildknaap.jpg <-- Mysticlight /mysticlight.nl/www/media/divinatie/tarot/decks/waite ZwaardenSchildknaap.jpg
